2025-05-05 13:26:14,026 - DataLoader - INFO - Loading train dataset from: ./data\aug\train
2025-05-05 13:26:17,482 - DataLoader - INFO - Loading training dataset (286944 images)
2025-05-05 13:51:53,680 - DataLoader - INFO - Loading train dataset from: ./data\aug\train
2025-05-05 13:51:56,582 - DataLoader - INFO - Loading training dataset (286944 images)
2025-05-05 15:18:23,246 - DataLoader - INFO - Loading train dataset from: ./data\aug\train
2025-05-05 15:18:25,997 - DataLoader - INFO - Loading training dataset (286944 images)
2025-05-05 15:30:43,148 - DataLoader - INFO - Loading train dataset from: ./data\aug\train
2025-05-05 15:30:46,007 - DataLoader - INFO - Loading training dataset (286944 images)
2025-05-05 16:09:42,561 - DataLoader - INFO - Loading train dataset from: ./data\aug\train
2025-05-05 16:09:45,430 - DataLoader - INFO - Loading training dataset (275304 images)
2025-05-05 17:04:53,610 - DataLoader - INFO - Loading train dataset from: ./data\aug\train
2025-05-05 17:04:56,333 - DataLoader - INFO - Loading training dataset (286944 images)
2025-05-05 17:33:15,715 - DataLoader - INFO - Loading train dataset from: ./data\aug\train
2025-05-05 17:33:18,653 - DataLoader - INFO - Loading training dataset (286944 images)
2025-05-05 17:35:34,176 - DataLoader - INFO - Loading train dataset from: ./data\aug\train
2025-05-05 17:35:41,527 - DataLoader - INFO - Loading training dataset (286944 images)
2025-08-04 15:25:42,232 - DataLoader - INFO - Loading train dataset from: ./data/merged_train/
2025-08-04 15:25:43,404 - DataLoader - INFO - Loading train dataset (313760 images)
2025-08-04 15:28:47,470 - DataLoader - INFO - Loading val dataset from: ./data\val
2025-08-04 15:28:47,507 - DataLoader - INFO - Loading val dataset (9078 images)
2025-08-04 15:52:44,981 - DataLoader - INFO - Loading train dataset from: ./data/merged_train/
2025-08-04 15:52:47,677 - DataLoader - INFO - Loading train dataset (313760 images)
2025-08-04 15:53:43,448 - DataLoader - INFO - Loading train dataset from: ./data/merged_train/
2025-08-04 15:53:44,599 - DataLoader - INFO - Loading train dataset (313760 images)
2025-08-04 15:54:01,467 - DataLoader - INFO - Loading train dataset from: ./data/merged_train/
2025-08-04 15:54:02,579 - DataLoader - INFO - Loading train dataset (313760 images)
2025-08-04 15:55:04,826 - DataLoader - INFO - Loading train dataset from: ./data/merged_train/
2025-08-04 15:55:05,952 - DataLoader - INFO - Loading train dataset (313760 images)
2025-08-04 15:55:24,590 - DataLoader - INFO - Loading train dataset from: ./data/merged_train/
2025-08-04 15:55:25,653 - DataLoader - INFO - Loading train dataset (313760 images)
2025-08-04 15:57:34,758 - DataLoader - INFO - Loading val dataset from: ./data\val
2025-08-04 15:57:34,792 - DataLoader - INFO - Loading val dataset (9078 images)
2025-08-04 16:00:39,921 - DataLoader - INFO - Loading train dataset from: ./data/merged_train/
2025-08-04 16:00:41,332 - DataLoader - INFO - Loading train dataset (313760 images)
2025-08-04 16:01:02,459 - DataLoader - INFO - Loading val dataset from: ./data\val
2025-08-04 16:01:02,496 - DataLoader - INFO - Loading val dataset (9078 images)
2025-08-05 09:40:53,772 - DataLoader - INFO - Loading train dataset from: ./data/merged_train/
2025-08-05 09:40:54,847 - DataLoader - INFO - Loading train dataset (313760 images)
2025-08-05 09:46:07,796 - DataLoader - INFO - Loading val dataset from: ./data\val
2025-08-05 09:46:07,904 - DataLoader - INFO - Loading val dataset (9078 images)
2025-08-18 16:35:02,710 - DataLoader - INFO - Loading train dataset from: ./data\train
2025-08-18 16:35:02,744 - DataLoader - INFO - Loading train dataset (9496 images)
2025-08-18 16:36:57,533 - DataLoader - INFO - Loading train dataset from: ./data\train
2025-08-18 16:36:57,565 - DataLoader - INFO - Loading train dataset (9496 images)
2025-08-18 16:37:42,407 - DataLoader - INFO - Loading train dataset from: ./data\train
2025-08-18 16:37:42,465 - DataLoader - INFO - Loading train dataset (9496 images)
2025-08-18 16:38:57,666 - DataLoader - INFO - Loading train dataset from: ./data\train
2025-08-18 16:38:57,700 - DataLoader - INFO - Loading train dataset (9496 images)
2025-08-18 16:39:48,334 - DataLoader - INFO - Loading train dataset from: ./data\train
2025-08-18 16:39:48,368 - DataLoader - INFO - Loading train dataset (9496 images)
2025-08-18 16:40:15,029 - DataLoader - INFO - Loading train dataset from: ./data\train
2025-08-18 16:40:15,071 - DataLoader - INFO - Loading train dataset (9496 images)
2025-08-18 16:41:58,101 - DataLoader - INFO - Loading train dataset from: ./data\train
2025-08-18 16:41:58,133 - DataLoader - INFO - Loading train dataset (9496 images)
2025-08-18 16:44:28,256 - DataLoader - INFO - Loading train dataset from: ./data\train
2025-08-18 16:44:28,324 - DataLoader - INFO - Loading train dataset (9496 images)
2025-08-18 16:48:21,089 - DataLoader - INFO - Loading train dataset from: ./data\train
2025-08-18 16:48:21,193 - DataLoader - INFO - Loading train dataset (9496 images)
2025-08-18 16:52:23,018 - DataLoader - INFO - Loading train dataset from: ./data\train
2025-08-18 16:52:23,065 - DataLoader - INFO - Loading train dataset (9496 images)
2025-08-18 16:55:57,909 - DataLoader - INFO - Loading train dataset from: ./data\train
2025-08-18 16:55:57,955 - DataLoader - INFO - Loading train dataset (9496 images)
2025-08-18 16:58:57,823 - DataLoader - INFO - Loading train dataset from: ./data\train
2025-08-18 16:58:57,859 - DataLoader - INFO - Loading train dataset (9496 images)
2025-08-18 17:05:37,732 - DataLoader - INFO - Loading train dataset from: ./data\train
2025-08-18 17:05:37,763 - DataLoader - INFO - Loading train dataset (9496 images)
2025-08-18 17:10:10,402 - DataLoader - INFO - Loading train dataset from: ./data\train
2025-08-18 17:10:10,437 - DataLoader - INFO - Loading train dataset (9496 images)
2025-08-18 20:26:52,262 - DataLoader - INFO - Loading train dataset from: ./data\train
2025-08-18 20:26:52,296 - DataLoader - INFO - Loading train dataset (9496 images)
2025-08-19 14:46:18,434 - DataLoader - INFO - Loading train dataset from: ./data\aug\train
2025-08-19 14:46:19,267 - DataLoader - INFO - Loading train dataset (251008 images)
2025-08-19 14:48:54,176 - DataLoader - INFO - Loading val dataset from: ./data\val
2025-08-19 14:48:54,210 - DataLoader - INFO - Loading val dataset (9078 images)
2025-08-19 15:06:15,417 - DataLoader - INFO - Loading train dataset from: ./data\aug\train
2025-08-19 15:06:17,447 - DataLoader - INFO - Loading train dataset (251008 images)
2025-08-19 15:08:44,803 - DataLoader - INFO - Loading val dataset from: ./data\val
2025-08-19 15:08:44,844 - DataLoader - INFO - Loading val dataset (9078 images)
2025-08-19 15:25:01,044 - DataLoader - INFO - Loading train dataset from: ./data\aug\train
2025-08-19 15:25:02,225 - DataLoader - INFO - Loading train dataset (251008 images)
2025-08-19 15:25:23,979 - DataLoader - INFO - Loading val dataset from: ./data\val
2025-08-19 15:25:24,038 - DataLoader - INFO - Loading val dataset (9078 images)
2026-03-22 11:09:39,093 - DataLoader - INFO - Loading val dataset from: .\data\temp\eval_smoke_2
2026-03-22 11:09:39,106 - DataLoader - INFO - Loading val dataset (4 images)
